This is pdfTeX, Version 3.141592653-2.6-1.40.27 (TeX Live 2025/nixos.org) (preloaded format=pdflatex 1980.1.1)  21 JUL 2025 10:32
entering extended mode
 restricted \write18 enabled.
 file:line:error style messages enabled.
 %&-line parsing enabled.
**/home/leonne/Documents/code/cv/lm/lm.tex
(/home/leonne/Documents/code/cv/lm/lm.tex
LaTeX2e <2025-06-01> patch level 1
L3 programming layer <2025-06-09>

! LaTeX Error: File `awesome-cv.cls' not found.

Type X to quit or <RETURN> to proceed,
or enter new name. (Default extension: cls)

Enter file name: 
/home/leonne/Documents/code/cv/lm/lm.tex:19: Emergency stop.
<read *> 
         
l.19 \usepackage
                [french]{babel}^^M
*** (cannot \read from terminal in nonstop modes)

 
Here is how much of TeX's memory you used:
 20 strings out of 467890
 522 string characters out of 5410143
 425018 words of memory out of 5000000
 28671 multiletter control sequences out of 15000+600000
 626825 words of font info for 40 fonts, out of 8000000 for 9000
 1141 hyphenation exceptions out of 8191
 19i,0n,29p,123b,17s stack positions out of 10000i,1000n,20000p,200000b,200000s
/home/leonne/Documents/code/cv/lm/lm.tex:19:  ==> Fatal error occurred, no output PDF file produced!
